{"/home/zenrog/dev/roadmap-homework/src/app.module.ts": {"path":"/home/zenrog/dev/roadmap-homework/src/app.module.ts","statementMap":{"0":{"start":{"line":1,"column":0},"end":{"line":1,"column":40}},"1":{"start":{"line":2,"column":0},"end":{"line":2,"column":46}},"2":{"start":{"line":3,"column":0},"end":{"line":3,"column":33}},"3":{"start":{"line":4,"column":0},"end":{"line":4,"column":48}},"4":{"start":{"line":5,"column":0},"end":{"line":5,"column":73}},"5":{"start":{"line":6,"column":0},"end":{"line":6,"column":62}},"6":{"start":{"line":7,"column":0},"end":{"line":7,"column":51}},"7":{"start":{"line":8,"column":0},"end":{"line":8,"column":67}},"8":{"start":{"line":9,"column":0},"end":{"line":9,"column":37}},"9":{"start":{"line":10,"column":0},"end":{"line":10,"column":50}},"10":{"start":{"line":28,"column":7},"end":{"line":28,"column":null}},"11":{"start":{"line":28,"column":13},"end":{"line":28,"column":22}},"12":{"start":{"line":28,"column":13},"end":{"line":28,"column":null}},"13":{"start":{"line":20,"column":8},"end":{"line":20,"column":68}}},"fnMap":{"0":{"name":"(anonymous_1)","decl":{"start":{"line":18,"column":25},"end":{"line":18,"column":30}},"loc":{"start":{"line":18,"column":43},"end":{"line":21,"column":7}}}},"branchMap":{},"s":{"0":1,"1":1,"2":1,"3":1,"4":1,"5":1,"6":1,"7":1,"8":1,"9":1,"10":1,"11":1,"12":1,"13":1},"f":{"0":1},"b":{}}
,"/home/zenrog/dev/roadmap-homework/src/auth/auth.controller.ts": {"path":"/home/zenrog/dev/roadmap-homework/src/auth/auth.controller.ts","statementMap":{"0":{"start":{"line":1,"column":0},"end":{"line":1,"column":null}},"1":{"start":{"line":12,"column":0},"end":{"line":12,"column":45}},"2":{"start":{"line":14,"column":0},"end":{"line":14,"column":63}},"3":{"start":{"line":16,"column":0},"end":{"line":16,"column":41}},"4":{"start":{"line":17,"column":0},"end":{"line":17,"column":42}},"5":{"start":{"line":18,"column":0},"end":{"line":18,"column":53}},"6":{"start":{"line":19,"column":0},"end":{"line":19,"column":38}},"7":{"start":{"line":22,"column":7},"end":{"line":100,"column":null}},"8":{"start":{"line":24,"column":21},"end":{"line":24,"column":34}},"9":{"start":{"line":26,"column":21},"end":{"line":26,"column":51}},"10":{"start":{"line":37,"column":42},"end":{"line":40,"column":null}},"11":{"start":{"line":42,"column":4},"end":{"line":42,"column":58}},"12":{"start":{"line":43,"column":4},"end":{"line":43,"column":27}},"13":{"start":{"line":56,"column":42},"end":{"line":60,"column":null}},"14":{"start":{"line":62,"column":4},"end":{"line":62,"column":58}},"15":{"start":{"line":63,"column":4},"end":{"line":63,"column":27}},"16":{"start":{"line":74,"column":19},"end":{"line":77,"column":null}},"17":{"start":{"line":79,"column":4},"end":{"line":79,"column":65}},"18":{"start":{"line":80,"column":4},"end":{"line":80,"column":47}},"19":{"start":{"line":85,"column":4},"end":{"line":85,"column":59}},"20":{"start":{"line":90,"column":4},"end":{"line":90,"column":57}},"21":{"start":{"line":94,"column":4},"end":{"line":98,"column":7}},"22":{"start":{"line":22,"column":13},"end":{"line":22,"column":27}},"23":{"start":{"line":31,"column":8},"end":{"line":44,"column":null}},"24":{"start":{"line":49,"column":8},"end":{"line":64,"column":null}},"25":{"start":{"line":68,"column":8},"end":{"line":81,"column":null}},"26":{"start":{"line":84,"column":8},"end":{"line":86,"column":null}},"27":{"start":{"line":89,"column":8},"end":{"line":91,"column":null}},"28":{"start":{"line":22,"column":13},"end":{"line":100,"column":null}}},"fnMap":{"0":{"name":"(anonymous_4)","decl":{"start":{"line":23,"column":2},"end":{"line":23,"column":null}},"loc":{"start":{"line":26,"column":51},"end":{"line":27,"column":6}}},"1":{"name":"(anonymous_5)","decl":{"start":{"line":31,"column":8},"end":{"line":31,"column":20}},"loc":{"start":{"line":35,"column":42},"end":{"line":44,"column":3}}},"2":{"name":"(anonymous_6)","decl":{"start":{"line":49,"column":8},"end":{"line":49,"column":17}},"loc":{"start":{"line":54,"column":38},"end":{"line":64,"column":3}}},"3":{"name":"(anonymous_7)","decl":{"start":{"line":68,"column":8},"end":{"line":68,"column":21}},"loc":{"start":{"line":72,"column":49},"end":{"line":81,"column":3}}},"4":{"name":"(anonymous_8)","decl":{"start":{"line":84,"column":8},"end":{"line":84,"column":25}},"loc":{"start":{"line":84,"column":71},"end":{"line":86,"column":3}}},"5":{"name":"(anonymous_9)","decl":{"start":{"line":89,"column":8},"end":{"line":89,"column":29}},"loc":{"start":{"line":89,"column":56},"end":{"line":91,"column":3}}},"6":{"name":"(anonymous_10)","decl":{"start":{"line":93,"column":10},"end":{"line":93,"column":34}},"loc":{"start":{"line":93,"column":75},"end":{"line":99,"column":3}}}},"branchMap":{"0":{"loc":{"start":{"line":35,"column":35},"end":{"line":35,"column":null}},"type":"cond-expr","locations":[{"start":{"line":35,"column":42},"end":{"line":35,"column":null}},{"start":{"line":35,"column":42},"end":{"line":35,"column":null}}]},"1":{"loc":{"start":{"line":35,"column":35},"end":{"line":35,"column":42}},"type":"binary-expr","locations":[{"start":{"line":35,"column":35},"end":{"line":35,"column":null}},{"start":{"line":35,"column":35},"end":{"line":35,"column":42}}]},"2":{"loc":{"start":{"line":24,"column":34},"end":{"line":24,"column":null}},"type":"cond-expr","locations":[{"start":{"line":24,"column":45},"end":{"line":24,"column":null}},{"start":{"line":24,"column":45},"end":{"line":24,"column":null}}]},"3":{"loc":{"start":{"line":24,"column":34},"end":{"line":24,"column":45}},"type":"binary-expr","locations":[{"start":{"line":24,"column":34},"end":{"line":24,"column":null}},{"start":{"line":24,"column":34},"end":{"line":24,"column":45}}]}},"s":{"0":1,"1":1,"2":1,"3":1,"4":1,"5":1,"6":1,"7":1,"8":1,"9":1,"10":8,"11":0,"12":0,"13":0,"14":0,"15":0,"16":0,"17":0,"18":0,"19":0,"20":0,"21":0,"22":1,"23":1,"24":1,"25":1,"26":1,"27":1,"28":1},"f":{"0":1,"1":8,"2":0,"3":0,"4":0,"5":0,"6":0},"b":{"0":[1,0],"1":[1,1],"2":[1,0],"3":[1,1]}}
,"/home/zenrog/dev/roadmap-homework/src/auth/auth.module-definition.ts": {"path":"/home/zenrog/dev/roadmap-homework/src/auth/auth.module-definition.ts","statementMap":{"0":{"start":{"line":1,"column":0},"end":{"line":1,"column":59}},"1":{"start":{"line":4,"column":13},"end":{"line":6,"column":null}}},"fnMap":{},"branchMap":{},"s":{"0":1,"1":1},"f":{},"b":{}}
,"/home/zenrog/dev/roadmap-homework/src/auth/auth.module-options.ts": {"path":"/home/zenrog/dev/roadmap-homework/src/auth/auth.module-options.ts","statementMap":{"0":{"start":{"line":1,"column":0},"end":{"line":1,"column":44}},"1":{"start":{"line":2,"column":0},"end":{"line":2,"column":47}},"2":{"start":{"line":4,"column":0},"end":{"line":4,"column":37}},"3":{"start":{"line":13,"column":7},"end":{"line":35,"column":null}},"4":{"start":{"line":15,"column":21},"end":{"line":15,"column":36}},"5":{"start":{"line":19,"column":4},"end":{"line":33,"column":6}},"6":{"start":{"line":13,"column":13},"end":{"line":13,"column":37}},"7":{"start":{"line":13,"column":13},"end":{"line":35,"column":null}}},"fnMap":{"0":{"name":"(anonymous_3)","decl":{"start":{"line":14,"column":2},"end":{"line":14,"column":null}},"loc":{"start":{"line":15,"column":77},"end":{"line":16,"column":6}}},"1":{"name":"(anonymous_4)","decl":{"start":{"line":18,"column":2},"end":{"line":18,"column":25}},"loc":{"start":{"line":18,"column":25},"end":{"line":34,"column":3}}}},"branchMap":{"0":{"loc":{"start":{"line":15,"column":36},"end":{"line":15,"column":77}},"type":"cond-expr","locations":[{"start":{"line":15,"column":49},"end":{"line":15,"column":77}},{"start":{"line":15,"column":49},"end":{"line":15,"column":77}}]},"1":{"loc":{"start":{"line":15,"column":36},"end":{"line":15,"column":49}},"type":"binary-expr","locations":[{"start":{"line":15,"column":36},"end":{"line":15,"column":77}},{"start":{"line":15,"column":36},"end":{"line":15,"column":49}}]}},"s":{"0":1,"1":1,"2":1,"3":1,"4":1,"5":1,"6":1,"7":1},"f":{"0":1,"1":1},"b":{"0":[1,0],"1":[1,1]}}
,"/home/zenrog/dev/roadmap-homework/src/auth/auth.module.ts": {"path":"/home/zenrog/dev/roadmap-homework/src/auth/auth.module.ts","statementMap":{"0":{"start":{"line":1,"column":0},"end":{"line":1,"column":40}},"1":{"start":{"line":2,"column":0},"end":{"line":2,"column":51}},"2":{"start":{"line":3,"column":0},"end":{"line":3,"column":45}},"3":{"start":{"line":4,"column":0},"end":{"line":4,"column":40}},"4":{"start":{"line":6,"column":0},"end":{"line":6,"column":47}},"5":{"start":{"line":7,"column":0},"end":{"line":7,"column":66}},"6":{"start":{"line":8,"column":0},"end":{"line":8,"column":40}},"7":{"start":{"line":9,"column":0},"end":{"line":9,"column":48}},"8":{"start":{"line":10,"column":0},"end":{"line":10,"column":44}},"9":{"start":{"line":11,"column":0},"end":{"line":11,"column":58}},"10":{"start":{"line":12,"column":0},"end":{"line":12,"column":68}},"11":{"start":{"line":13,"column":0},"end":{"line":13,"column":41}},"12":{"start":{"line":14,"column":0},"end":{"line":14,"column":40}},"13":{"start":{"line":43,"column":7},"end":{"line":43,"column":null}},"14":{"start":{"line":43,"column":13},"end":{"line":43,"column":23}},"15":{"start":{"line":43,"column":13},"end":{"line":43,"column":null}},"16":{"start":{"line":22,"column":12},"end":{"line":29,"column":8}}},"fnMap":{"0":{"name":"(anonymous_1)","decl":{"start":{"line":20,"column":18},"end":{"line":20,"column":null}},"loc":{"start":{"line":22,"column":12},"end":{"line":29,"column":8}}}},"branchMap":{},"s":{"0":1,"1":1,"2":1,"3":1,"4":1,"5":1,"6":1,"7":1,"8":1,"9":1,"10":1,"11":1,"12":1,"13":1,"14":1,"15":1,"16":1},"f":{"0":1},"b":{}}
,"/home/zenrog/dev/roadmap-homework/src/auth/auth.service.ts": {"path":"/home/zenrog/dev/roadmap-homework/src/auth/auth.service.ts","statementMap":{"0":{"start":{"line":1,"column":0},"end":{"line":1,"column":67}},"1":{"start":{"line":2,"column":0},"end":{"line":2,"column":41}},"2":{"start":{"line":3,"column":0},"end":{"line":3,"column":41}},"3":{"start":{"line":4,"column":0},"end":{"line":4,"column":55}},"4":{"start":{"line":5,"column":0},"end":{"line":5,"column":54}},"5":{"start":{"line":6,"column":0},"end":{"line":6,"column":68}},"6":{"start":{"line":7,"column":0},"end":{"line":7,"column":56}},"7":{"start":{"line":10,"column":7},"end":{"line":100,"column":null}},"8":{"start":{"line":12,"column":21},"end":{"line":12,"column":33}},"9":{"start":{"line":13,"column":21},"end":{"line":13,"column":35}},"10":{"start":{"line":14,"column":21},"end":{"line":14,"column":45}},"11":{"start":{"line":19,"column":19},"end":{"line":19,"column":60}},"12":{"start":{"line":20,"column":4},"end":{"line":27,"column":6}},"13":{"start":{"line":36,"column":4},"end":{"line":43,"column":6}},"14":{"start":{"line":53,"column":6},"end":{"line":53,"column":74}},"15":{"start":{"line":55,"column":6},"end":{"line":58,"column":null}},"16":{"start":{"line":60,"column":4},"end":{"line":62,"column":5}},"17":{"start":{"line":61,"column":6},"end":{"line":61,"column":75}},"18":{"start":{"line":66,"column":8},"end":{"line":66,"column":31}},"19":{"start":{"line":68,"column":4},"end":{"line":75,"column":6}},"20":{"start":{"line":79,"column":17},"end":{"line":79,"column":64}},"21":{"start":{"line":80,"column":4},"end":{"line":82,"column":5}},"22":{"start":{"line":81,"column":6},"end":{"line":81,"column":18}},"23":{"start":{"line":86,"column":4},"end":{"line":88,"column":5}},"24":{"start":{"line":87,"column":6},"end":{"line":87,"column":64}},"25":{"start":{"line":89,"column":4},"end":{"line":89,"column":74}},"26":{"start":{"line":93,"column":4},"end":{"line":93,"column":64}},"27":{"start":{"line":97,"column":20},"end":{"line":97,"column":45}},"28":{"start":{"line":98,"column":4},"end":{"line":98,"column":41}},"29":{"start":{"line":10,"column":13},"end":{"line":10,"column":24}},"30":{"start":{"line":18,"column":8},"end":{"line":28,"column":null}},"31":{"start":{"line":47,"column":8},"end":{"line":76,"column":null}},"32":{"start":{"line":10,"column":13},"end":{"line":100,"column":null}}},"fnMap":{"0":{"name":"(anonymous_2)","decl":{"start":{"line":11,"column":2},"end":{"line":11,"column":null}},"loc":{"start":{"line":14,"column":67},"end":{"line":15,"column":6}}},"1":{"name":"(anonymous_3)","decl":{"start":{"line":18,"column":8},"end":{"line":18,"column":20}},"loc":{"start":{"line":18,"column":68},"end":{"line":28,"column":3}}},"2":{"name":"(anonymous_4)","decl":{"start":{"line":30,"column":2},"end":{"line":30,"column":7}},"loc":{"start":{"line":34,"column":21},"end":{"line":44,"column":3}}},"3":{"name":"(anonymous_5)","decl":{"start":{"line":47,"column":8},"end":{"line":47,"column":21}},"loc":{"start":{"line":47,"column":74},"end":{"line":76,"column":3}}},"4":{"name":"(anonymous_6)","decl":{"start":{"line":78,"column":2},"end":{"line":78,"column":7}},"loc":{"start":{"line":78,"column":55},"end":{"line":83,"column":3}}},"5":{"name":"(anonymous_7)","decl":{"start":{"line":85,"column":2},"end":{"line":85,"column":7}},"loc":{"start":{"line":85,"column":47},"end":{"line":90,"column":3}}},"6":{"name":"(anonymous_8)","decl":{"start":{"line":92,"column":2},"end":{"line":92,"column":7}},"loc":{"start":{"line":92,"column":44},"end":{"line":94,"column":3}}},"7":{"name":"(anonymous_9)","decl":{"start":{"line":96,"column":10},"end":{"line":96,"column":29}},"loc":{"start":{"line":96,"column":62},"end":{"line":99,"column":3}}}},"branchMap":{"0":{"loc":{"start":{"line":60,"column":4},"end":{"line":62,"column":5}},"type":"if","locations":[{"start":{"line":60,"column":4},"end":{"line":62,"column":5}},{"start":{},"end":{}}]},"1":{"loc":{"start":{"line":80,"column":4},"end":{"line":82,"column":5}},"type":"if","locations":[{"start":{"line":80,"column":4},"end":{"line":82,"column":5}},{"start":{},"end":{}}]},"2":{"loc":{"start":{"line":80,"column":8},"end":{"line":80,"column":64}},"type":"binary-expr","locations":[{"start":{"line":80,"column":8},"end":{"line":80,"column":12}},{"start":{"line":80,"column":17},"end":{"line":80,"column":63}}]},"3":{"loc":{"start":{"line":86,"column":4},"end":{"line":88,"column":5}},"type":"if","locations":[{"start":{"line":86,"column":4},"end":{"line":88,"column":5}},{"start":{},"end":{}}]},"4":{"loc":{"start":{"line":18,"column":30},"end":{"line":18,"column":39}},"type":"cond-expr","locations":[{"start":{"line":18,"column":37},"end":{"line":18,"column":39}},{"start":{"line":18,"column":37},"end":{"line":18,"column":39}}]},"5":{"loc":{"start":{"line":18,"column":30},"end":{"line":18,"column":37}},"type":"binary-expr","locations":[{"start":{"line":18,"column":30},"end":{"line":18,"column":39}},{"start":{"line":18,"column":30},"end":{"line":18,"column":37}}]},"6":{"loc":{"start":{"line":12,"column":33},"end":{"line":12,"column":null}},"type":"cond-expr","locations":[{"start":{"line":12,"column":43},"end":{"line":12,"column":null}},{"start":{"line":12,"column":43},"end":{"line":12,"column":null}}]},"7":{"loc":{"start":{"line":12,"column":33},"end":{"line":12,"column":43}},"type":"binary-expr","locations":[{"start":{"line":12,"column":33},"end":{"line":12,"column":null}},{"start":{"line":12,"column":33},"end":{"line":12,"column":43}}]},"8":{"loc":{"start":{"line":12,"column":43},"end":{"line":13,"column":null}},"type":"cond-expr","locations":[{"start":{"line":13,"column":47},"end":{"line":13,"column":null}},{"start":{"line":13,"column":47},"end":{"line":13,"column":null}}]},"9":{"loc":{"start":{"line":12,"column":43},"end":{"line":13,"column":47}},"type":"binary-expr","locations":[{"start":{"line":12,"column":43},"end":{"line":13,"column":null}},{"start":{"line":13,"column":35},"end":{"line":13,"column":47}}]},"10":{"loc":{"start":{"line":13,"column":47},"end":{"line":14,"column":null}},"type":"cond-expr","locations":[{"start":{"line":14,"column":67},"end":{"line":14,"column":null}},{"start":{"line":14,"column":67},"end":{"line":14,"column":null}}]},"11":{"loc":{"start":{"line":13,"column":47},"end":{"line":14,"column":67}},"type":"binary-expr","locations":[{"start":{"line":13,"column":47},"end":{"line":14,"column":null}},{"start":{"line":14,"column":45},"end":{"line":14,"column":67}}]}},"s":{"0":1,"1":1,"2":1,"3":1,"4":1,"5":1,"6":1,"7":1,"8":1,"9":1,"10":1,"11":8,"12":0,"13":0,"14":0,"15":0,"16":0,"17":0,"18":0,"19":0,"20":0,"21":0,"22":0,"23":0,"24":0,"25":0,"26":0,"27":0,"28":0,"29":1,"30":1,"31":1,"32":1},"f":{"0":1,"1":8,"2":0,"3":0,"4":0,"5":0,"6":0,"7":0},"b":{"0":[0,0],"1":[0,0],"2":[0,0],"3":[0,0],"4":[1,0],"5":[1,1],"6":[1,0],"7":[1,1],"8":[1,0],"9":[1,1],"10":[1,0],"11":[1,1]}}
,"/home/zenrog/dev/roadmap-homework/src/auth/index.ts": {"path":"/home/zenrog/dev/roadmap-homework/src/auth/index.ts","statementMap":{"0":{"start":{"line":1,"column":0},"end":{"line":1,"column":9}},"1":{"start":{"line":1,"column":9},"end":{"line":1,"column":43}},"2":{"start":{"line":2,"column":0},"end":{"line":2,"column":9}},"3":{"start":{"line":2,"column":9},"end":{"line":2,"column":65}}},"fnMap":{"0":{"name":"(anonymous_0)","decl":{"start":{"line":1,"column":9},"end":{"line":1,"column":19}},"loc":{"start":{"line":1,"column":9},"end":{"line":1,"column":43}}},"1":{"name":"(anonymous_1)","decl":{"start":{"line":2,"column":9},"end":{"line":2,"column":33}},"loc":{"start":{"line":2,"column":9},"end":{"line":2,"column":65}}}},"branchMap":{},"s":{"0":1,"1":2,"2":1,"3":2},"f":{"0":1,"1":1},"b":{}}
,"/home/zenrog/dev/roadmap-homework/src/auth/refresh-sessions.service.ts": {"path":"/home/zenrog/dev/roadmap-homework/src/auth/refresh-sessions.service.ts","statementMap":{"0":{"start":{"line":1,"column":0},"end":{"line":1,"column":52}},"1":{"start":{"line":2,"column":0},"end":{"line":2,"column":51}},"2":{"start":{"line":3,"column":0},"end":{"line":3,"column":68}},"3":{"start":{"line":4,"column":0},"end":{"line":4,"column":73}},"4":{"start":{"line":5,"column":0},"end":{"line":5,"column":44}},"5":{"start":{"line":6,"column":0},"end":{"line":6,"column":63}},"6":{"start":{"line":8,"column":0},"end":{"line":8,"column":55}},"7":{"start":{"line":9,"column":0},"end":{"line":9,"column":54}},"8":{"start":{"line":10,"column":0},"end":{"line":10,"column":40}},"9":{"start":{"line":13,"column":7},"end":{"line":140,"column":null}},"10":{"start":{"line":15,"column":21},"end":{"line":15,"column":35}},"11":{"start":{"line":17,"column":21},"end":{"line":17,"column":47}},"12":{"start":{"line":19,"column":21},"end":{"line":19,"column":57}},"13":{"start":{"line":27,"column":4},"end":{"line":27,"column":54}},"14":{"start":{"line":29,"column":27},"end":{"line":29,"column":65}},"15":{"start":{"line":30,"column":4},"end":{"line":32,"column":5}},"16":{"start":{"line":31,"column":6},"end":{"line":31,"column":53}},"17":{"start":{"line":34,"column":23},"end":{"line":34,"column":59}},"18":{"start":{"line":35,"column":29},"end":{"line":35,"column":57}},"19":{"start":{"line":36,"column":27},"end":{"line":40,"column":6}},"20":{"start":{"line":41,"column":19},"end":{"line":41,"column":75}},"21":{"start":{"line":42,"column":4},"end":{"line":42,"column":14}},"22":{"start":{"line":47,"column":4},"end":{"line":49,"column":5}},"23":{"start":{"line":48,"column":6},"end":{"line":48,"column":18}},"24":{"start":{"line":50,"column":20},"end":{"line":50,"column":48}},"25":{"start":{"line":53,"column":4},"end":{"line":56,"column":5}},"26":{"start":{"line":54,"column":6},"end":{"line":54,"column":61}},"27":{"start":{"line":55,"column":6},"end":{"line":55,"column":21}},"28":{"start":{"line":57,"column":4},"end":{"line":57,"column":16}},"29":{"start":{"line":61,"column":4},"end":{"line":61,"column":53}},"30":{"start":{"line":69,"column":4},"end":{"line":77,"column":5}},"31":{"start":{"line":70,"column":28},"end":{"line":70,"column":64}},"32":{"start":{"line":71,"column":6},"end":{"line":76,"column":7}},"33":{"start":{"line":75,"column":8},"end":{"line":75,"column":23}},"34":{"start":{"line":81,"column":26},"end":{"line":81,"column":45}},"35":{"start":{"line":82,"column":24},"end":{"line":82,"column":34}},"36":{"start":{"line":83,"column":4},"end":{"line":83,"column":51}},"37":{"start":{"line":91,"column":4},"end":{"line":93,"column":7}},"38":{"start":{"line":97,"column":4},"end":{"line":105,"column":7}},"39":{"start":{"line":109,"column":4},"end":{"line":114,"column":18}},"40":{"start":{"line":119,"column":26},"end":{"line":119,"column":70}},"41":{"start":{"line":120,"column":4},"end":{"line":122,"column":5}},"42":{"start":{"line":121,"column":6},"end":{"line":121,"column":67}},"43":{"start":{"line":126,"column":4},"end":{"line":133,"column":16}},"44":{"start":{"line":137,"column":22},"end":{"line":137,"column":25}},"45":{"start":{"line":138,"column":4},"end":{"line":138,"column":38}},"46":{"start":{"line":13,"column":13},"end":{"line":13,"column":35}},"47":{"start":{"line":23,"column":8},"end":{"line":43,"column":null}},"48":{"start":{"line":46,"column":8},"end":{"line":58,"column":null}},"49":{"start":{"line":90,"column":16},"end":{"line":94,"column":null}},"50":{"start":{"line":118,"column":16},"end":{"line":123,"column":null}},"51":{"start":{"line":13,"column":13},"end":{"line":140,"column":null}}},"fnMap":{"0":{"name":"(anonymous_4)","decl":{"start":{"line":14,"column":2},"end":{"line":14,"column":null}},"loc":{"start":{"line":19,"column":57},"end":{"line":20,"column":6}}},"1":{"name":"(anonymous_5)","decl":{"start":{"line":23,"column":8},"end":{"line":23,"column":21}},"loc":{"start":{"line":23,"column":67},"end":{"line":43,"column":3}}},"2":{"name":"(anonymous_6)","decl":{"start":{"line":46,"column":8},"end":{"line":46,"column":28}},"loc":{"start":{"line":46,"column":40},"end":{"line":58,"column":3}}},"3":{"name":"(anonymous_7)","decl":{"start":{"line":60,"column":2},"end":{"line":60,"column":7}},"loc":{"start":{"line":60,"column":60},"end":{"line":62,"column":3}}},"4":{"name":"(anonymous_8)","decl":{"start":{"line":64,"column":2},"end":{"line":64,"column":7}},"loc":{"start":{"line":67,"column":21},"end":{"line":78,"column":3}}},"5":{"name":"(anonymous_9)","decl":{"start":{"line":80,"column":2},"end":{"line":80,"column":18}},"loc":{"start":{"line":80,"column":59},"end":{"line":84,"column":3}}},"6":{"name":"(anonymous_10)","decl":{"start":{"line":90,"column":16},"end":{"line":90,"column":37}},"loc":{"start":{"line":90,"column":37},"end":{"line":94,"column":3}}},"7":{"name":"(anonymous_11)","decl":{"start":{"line":96,"column":10},"end":{"line":96,"column":15}},"loc":{"start":{"line":96,"column":64},"end":{"line":106,"column":3}}},"8":{"name":"(anonymous_12)","decl":{"start":{"line":108,"column":10},"end":{"line":108,"column":15}},"loc":{"start":{"line":108,"column":50},"end":{"line":115,"column":3}}},"9":{"name":"(anonymous_13)","decl":{"start":{"line":118,"column":16},"end":{"line":118,"column":43}},"loc":{"start":{"line":118,"column":58},"end":{"line":123,"column":3}}},"10":{"name":"(anonymous_14)","decl":{"start":{"line":125,"column":10},"end":{"line":125,"column":15}},"loc":{"start":{"line":125,"column":56},"end":{"line":134,"column":3}}},"11":{"name":"(anonymous_15)","decl":{"start":{"line":136,"column":10},"end":{"line":136,"column":26}},"loc":{"start":{"line":136,"column":56},"end":{"line":139,"column":3}}}},"branchMap":{"0":{"loc":{"start":{"line":30,"column":4},"end":{"line":32,"column":5}},"type":"if","locations":[{"start":{"line":30,"column":4},"end":{"line":32,"column":5}},{"start":{},"end":{}}]},"1":{"loc":{"start":{"line":47,"column":4},"end":{"line":49,"column":5}},"type":"if","locations":[{"start":{"line":47,"column":4},"end":{"line":49,"column":5}},{"start":{},"end":{}}]},"2":{"loc":{"start":{"line":53,"column":4},"end":{"line":56,"column":5}},"type":"if","locations":[{"start":{"line":53,"column":4},"end":{"line":56,"column":5}},{"start":{},"end":{}}]},"3":{"loc":{"start":{"line":53,"column":8},"end":{"line":53,"column":31}},"type":"binary-expr","locations":[{"start":{"line":53,"column":8},"end":{"line":53,"column":15}},{"start":{"line":53,"column":19},"end":{"line":53,"column":31}}]},"4":{"loc":{"start":{"line":69,"column":4},"end":{"line":77,"column":5}},"type":"if","locations":[{"start":{"line":69,"column":4},"end":{"line":77,"column":5}},{"start":{},"end":{}}]},"5":{"loc":{"start":{"line":71,"column":6},"end":{"line":76,"column":7}},"type":"if","locations":[{"start":{"line":71,"column":6},"end":{"line":76,"column":7}},{"start":{},"end":{}}]},"6":{"loc":{"start":{"line":72,"column":8},"end":{"line":73,"column":66}},"type":"binary-expr","locations":[{"start":{"line":72,"column":8},"end":{"line":72,"column":39}},{"start":{"line":73,"column":9},"end":{"line":73,"column":65}}]},"7":{"loc":{"start":{"line":120,"column":4},"end":{"line":122,"column":5}},"type":"if","locations":[{"start":{"line":120,"column":4},"end":{"line":122,"column":5}},{"start":{},"end":{}}]},"8":{"loc":{"start":{"line":15,"column":35},"end":{"line":15,"column":null}},"type":"cond-expr","locations":[{"start":{"line":15,"column":47},"end":{"line":15,"column":null}},{"start":{"line":15,"column":47},"end":{"line":15,"column":null}}]},"9":{"loc":{"start":{"line":15,"column":35},"end":{"line":15,"column":47}},"type":"binary-expr","locations":[{"start":{"line":15,"column":35},"end":{"line":15,"column":null}},{"start":{"line":15,"column":35},"end":{"line":15,"column":47}}]},"10":{"loc":{"start":{"line":15,"column":47},"end":{"line":17,"column":73}},"type":"cond-expr","locations":[{"start":{"line":17,"column":57},"end":{"line":17,"column":73}},{"start":{"line":17,"column":57},"end":{"line":17,"column":73}}]},"11":{"loc":{"start":{"line":15,"column":47},"end":{"line":17,"column":57}},"type":"binary-expr","locations":[{"start":{"line":15,"column":47},"end":{"line":17,"column":73}},{"start":{"line":17,"column":47},"end":{"line":17,"column":57}}]}},"s":{"0":1,"1":1,"2":1,"3":1,"4":1,"5":1,"6":1,"7":1,"8":1,"9":1,"10":1,"11":1,"12":1,"13":0,"14":0,"15":0,"16":0,"17":0,"18":0,"19":0,"20":0,"21":0,"22":0,"23":0,"24":0,"25":0,"26":0,"27":0,"28":0,"29":0,"30":0,"31":0,"32":0,"33":0,"34":0,"35":0,"36":0,"37":0,"38":0,"39":0,"40":0,"41":0,"42":0,"43":0,"44":0,"45":0,"46":1,"47":1,"48":1,"49":1,"50":1,"51":1},"f":{"0":1,"1":0,"2":0,"3":0,"4":0,"5":0,"6":0,"7":0,"8":0,"9":0,"10":0,"11":0},"b":{"0":[0,0],"1":[0,0],"2":[0,0],"3":[0,0],"4":[0,0],"5":[0,0],"6":[0,0],"7":[0,0],"8":[1,0],"9":[1,1],"10":[1,0],"11":[1,1]}}
,"/home/zenrog/dev/roadmap-homework/src/auth/decorators/index.ts": {"path":"/home/zenrog/dev/roadmap-homework/src/auth/decorators/index.ts","statementMap":{"0":{"start":{"line":1,"column":0},"end":{"line":1,"column":9}},"1":{"start":{"line":1,"column":9},"end":{"line":1,"column":44}}},"fnMap":{"0":{"name":"(anonymous_0)","decl":{"start":{"line":1,"column":9},"end":{"line":1,"column":15}},"loc":{"start":{"line":1,"column":9},"end":{"line":1,"column":44}}}},"branchMap":{},"s":{"0":1,"1":4},"f":{"0":3},"b":{}}
,"/home/zenrog/dev/roadmap-homework/src/auth/decorators/public.decorator.ts": {"path":"/home/zenrog/dev/roadmap-homework/src/auth/decorators/public.decorator.ts","statementMap":{"0":{"start":{"line":1,"column":0},"end":{"line":1,"column":45}},"1":{"start":{"line":3,"column":13},"end":{"line":3,"column":40}},"2":{"start":{"line":4,"column":22},"end":{"line":4,"column":60}},"3":{"start":{"line":4,"column":28},"end":{"line":4,"column":60}},"4":{"start":{"line":4,"column":13},"end":{"line":4,"column":22}}},"fnMap":{"0":{"name":"(anonymous_0)","decl":{"start":{"line":4,"column":22},"end":{"line":4,"column":25}},"loc":{"start":{"line":4,"column":28},"end":{"line":4,"column":60}}}},"branchMap":{},"s":{"0":1,"1":1,"2":1,"3":3,"4":1},"f":{"0":3},"b":{}}
,"/home/zenrog/dev/roadmap-homework/src/auth/entities/index.ts": {"path":"/home/zenrog/dev/roadmap-homework/src/auth/entities/index.ts","statementMap":{"0":{"start":{"line":1,"column":0},"end":{"line":1,"column":9}},"1":{"start":{"line":1,"column":9},"end":{"line":1,"column":58}}},"fnMap":{"0":{"name":"(anonymous_0)","decl":{"start":{"line":1,"column":9},"end":{"line":1,"column":23}},"loc":{"start":{"line":1,"column":9},"end":{"line":1,"column":58}}}},"branchMap":{},"s":{"0":1,"1":3},"f":{"0":2},"b":{}}
,"/home/zenrog/dev/roadmap-homework/src/auth/entities/refresh-session.entity.ts": {"path":"/home/zenrog/dev/roadmap-homework/src/auth/entities/refresh-session.entity.ts","statementMap":{"0":{"start":{"line":1,"column":0},"end":{"line":1,"column":42}},"1":{"start":{"line":2,"column":0},"end":{"line":2,"column":null}},"2":{"start":{"line":11,"column":0},"end":{"line":11,"column":36}},"3":{"start":{"line":14,"column":7},"end":{"line":55,"column":null}},"4":{"start":{"line":20,"column":4},"end":{"line":22,"column":5}},"5":{"start":{"line":21,"column":6},"end":{"line":21,"column":25}},"6":{"start":{"line":27,"column":16},"end":{"line":27,"column":26}},"7":{"start":{"line":28,"column":4},"end":{"line":28,"column":25}},"8":{"start":{"line":29,"column":4},"end":{"line":29,"column":62}},"9":{"start":{"line":14,"column":13},"end":{"line":14,"column":27}},"10":{"start":{"line":16,"column":2},"end":{"line":16,"column":null}},"11":{"start":{"line":19,"column":2},"end":{"line":30,"column":null}},"12":{"start":{"line":37,"column":2},"end":{"line":37,"column":null}},"13":{"start":{"line":32,"column":19},"end":{"line":32,"column":23}},"14":{"start":{"line":41,"column":2},"end":{"line":41,"column":null}},"15":{"start":{"line":44,"column":2},"end":{"line":44,"column":null}},"16":{"start":{"line":47,"column":2},"end":{"line":47,"column":null}},"17":{"start":{"line":51,"column":2},"end":{"line":51,"column":null}},"18":{"start":{"line":54,"column":2},"end":{"line":54,"column":null}},"19":{"start":{"line":14,"column":13},"end":{"line":55,"column":null}}},"fnMap":{"0":{"name":"(anonymous_2)","decl":{"start":{"line":19,"column":2},"end":{"line":19,"column":15}},"loc":{"start":{"line":19,"column":15},"end":{"line":30,"column":3}}},"1":{"name":"(anonymous_3)","decl":{"start":{"line":32,"column":13},"end":{"line":32,"column":16}},"loc":{"start":{"line":32,"column":19},"end":{"line":32,"column":23}}}},"branchMap":{"0":{"loc":{"start":{"line":20,"column":4},"end":{"line":22,"column":5}},"type":"if","locations":[{"start":{"line":20,"column":4},"end":{"line":22,"column":5}},{"start":{},"end":{}}]},"1":{"loc":{"start":{"line":37,"column":8},"end":{"line":37,"column":13}},"type":"cond-expr","locations":[{"start":{"line":37,"column":12},"end":{"line":37,"column":13}},{"start":{"line":37,"column":12},"end":{"line":37,"column":13}}]},"2":{"loc":{"start":{"line":37,"column":8},"end":{"line":37,"column":12}},"type":"binary-expr","locations":[{"start":{"line":37,"column":8},"end":{"line":37,"column":13}},{"start":{"line":37,"column":8},"end":{"line":37,"column":12}}]},"3":{"loc":{"start":{"line":51,"column":13},"end":{"line":51,"column":18}},"type":"cond-expr","locations":[{"start":{"line":51,"column":17},"end":{"line":51,"column":18}},{"start":{"line":51,"column":17},"end":{"line":51,"column":18}}]},"4":{"loc":{"start":{"line":51,"column":13},"end":{"line":51,"column":17}},"type":"binary-expr","locations":[{"start":{"line":51,"column":13},"end":{"line":51,"column":18}},{"start":{"line":51,"column":13},"end":{"line":51,"column":17}}]},"5":{"loc":{"start":{"line":54,"column":13},"end":{"line":54,"column":18}},"type":"cond-expr","locations":[{"start":{"line":54,"column":17},"end":{"line":54,"column":18}},{"start":{"line":54,"column":17},"end":{"line":54,"column":18}}]},"6":{"loc":{"start":{"line":54,"column":13},"end":{"line":54,"column":17}},"type":"binary-expr","locations":[{"start":{"line":54,"column":13},"end":{"line":54,"column":18}},{"start":{"line":54,"column":13},"end":{"line":54,"column":17}}]}},"s":{"0":1,"1":1,"2":1,"3":1,"4":0,"5":0,"6":0,"7":0,"8":0,"9":1,"10":1,"11":1,"12":1,"13":1,"14":1,"15":1,"16":1,"17":1,"18":1,"19":1},"f":{"0":0,"1":1},"b":{"0":[0,0],"1":[1,0],"2":[1,1],"3":[1,0],"4":[1,1],"5":[1,0],"6":[1,1]}}
,"/home/zenrog/dev/roadmap-homework/src/auth/guards/index.ts": {"path":"/home/zenrog/dev/roadmap-homework/src/auth/guards/index.ts","statementMap":{"0":{"start":{"line":1,"column":0},"end":{"line":1,"column":9}},"1":{"start":{"line":1,"column":9},"end":{"line":1,"column":52}},"2":{"start":{"line":2,"column":0},"end":{"line":2,"column":9}},"3":{"start":{"line":2,"column":9},"end":{"line":2,"column":48}}},"fnMap":{"0":{"name":"(anonymous_0)","decl":{"start":{"line":1,"column":9},"end":{"line":1,"column":23}},"loc":{"start":{"line":1,"column":9},"end":{"line":1,"column":52}}},"1":{"name":"(anonymous_1)","decl":{"start":{"line":2,"column":9},"end":{"line":2,"column":21}},"loc":{"start":{"line":2,"column":9},"end":{"line":2,"column":48}}}},"branchMap":{},"s":{"0":1,"1":2,"2":1,"3":2},"f":{"0":1,"1":1},"b":{}}
,"/home/zenrog/dev/roadmap-homework/src/auth/guards/jwt-auth.guard.ts": {"path":"/home/zenrog/dev/roadmap-homework/src/auth/guards/jwt-auth.guard.ts","statementMap":{"0":{"start":{"line":1,"column":0},"end":{"line":1,"column":62}},"1":{"start":{"line":2,"column":0},"end":{"line":2,"column":41}},"2":{"start":{"line":3,"column":0},"end":{"line":3,"column":45}},"3":{"start":{"line":4,"column":0},"end":{"line":4,"column":63}},"4":{"start":{"line":7,"column":7},"end":{"line":22,"column":null}},"5":{"start":{"line":9,"column":4},"end":{"line":9,"column":12}},"6":{"start":{"line":8,"column":31},"end":{"line":8,"column":42}},"7":{"start":{"line":13,"column":21},"end":{"line":16,"column":6}},"8":{"start":{"line":17,"column":4},"end":{"line":19,"column":5}},"9":{"start":{"line":18,"column":6},"end":{"line":18,"column":18}},"10":{"start":{"line":20,"column":4},"end":{"line":20,"column":38}},"11":{"start":{"line":7,"column":13},"end":{"line":7,"column":25}},"12":{"start":{"line":7,"column":13},"end":{"line":22,"column":null}}},"fnMap":{"0":{"name":"(anonymous_2)","decl":{"start":{"line":8,"column":2},"end":{"line":8,"column":31}},"loc":{"start":{"line":8,"column":51},"end":{"line":10,"column":3}}},"1":{"name":"(anonymous_3)","decl":{"start":{"line":12,"column":2},"end":{"line":12,"column":13}},"loc":{"start":{"line":12,"column":39},"end":{"line":21,"column":3}}}},"branchMap":{"0":{"loc":{"start":{"line":17,"column":4},"end":{"line":19,"column":5}},"type":"if","locations":[{"start":{"line":17,"column":4},"end":{"line":19,"column":5}},{"start":{},"end":{}}]},"1":{"loc":{"start":{"line":8,"column":42},"end":{"line":8,"column":null}},"type":"cond-expr","locations":[{"start":{"line":8,"column":51},"end":{"line":8,"column":null}},{"start":{"line":8,"column":51},"end":{"line":8,"column":null}}]},"2":{"loc":{"start":{"line":8,"column":42},"end":{"line":8,"column":51}},"type":"binary-expr","locations":[{"start":{"line":8,"column":42},"end":{"line":8,"column":null}},{"start":{"line":8,"column":42},"end":{"line":8,"column":51}}]}},"s":{"0":1,"1":1,"2":1,"3":1,"4":1,"5":1,"6":1,"7":17,"8":17,"9":16,"10":1,"11":1,"12":1},"f":{"0":1,"1":17},"b":{"0":[16,1],"1":[1,0],"2":[1,1]}}
,"/home/zenrog/dev/roadmap-homework/src/auth/guards/local-auth.guard.ts": {"path":"/home/zenrog/dev/roadmap-homework/src/auth/guards/local-auth.guard.ts","statementMap":{"0":{"start":{"line":1,"column":0},"end":{"line":1,"column":44}},"1":{"start":{"line":2,"column":0},"end":{"line":2,"column":45}},"2":{"start":{"line":5,"column":7},"end":{"line":5,"column":null}},"3":{"start":{"line":5,"column":13},"end":{"line":5,"column":27}},"4":{"start":{"line":5,"column":13},"end":{"line":5,"column":null}}},"fnMap":{},"branchMap":{},"s":{"0":1,"1":1,"2":1,"3":1,"4":1},"f":{},"b":{}}
,"/home/zenrog/dev/roadmap-homework/src/auth/strategies/index.ts": {"path":"/home/zenrog/dev/roadmap-homework/src/auth/strategies/index.ts","statementMap":{"0":{"start":{"line":1,"column":0},"end":{"line":1,"column":9}},"1":{"start":{"line":1,"column":9},"end":{"line":1,"column":49}},"2":{"start":{"line":2,"column":0},"end":{"line":2,"column":9}},"3":{"start":{"line":2,"column":9},"end":{"line":2,"column":45}}},"fnMap":{"0":{"name":"(anonymous_0)","decl":{"start":{"line":1,"column":9},"end":{"line":1,"column":22}},"loc":{"start":{"line":1,"column":9},"end":{"line":1,"column":49}}},"1":{"name":"(anonymous_1)","decl":{"start":{"line":2,"column":9},"end":{"line":2,"column":20}},"loc":{"start":{"line":2,"column":9},"end":{"line":2,"column":45}}}},"branchMap":{},"s":{"0":1,"1":2,"2":1,"3":2},"f":{"0":1,"1":1},"b":{}}
,"/home/zenrog/dev/roadmap-homework/src/auth/strategies/jwt.strategy.ts": {"path":"/home/zenrog/dev/roadmap-homework/src/auth/strategies/jwt.strategy.ts","statementMap":{"0":{"start":{"line":1,"column":0},"end":{"line":1,"column":52}},"1":{"start":{"line":2,"column":0},"end":{"line":2,"column":52}},"2":{"start":{"line":3,"column":0},"end":{"line":3,"column":52}},"3":{"start":{"line":4,"column":0},"end":{"line":4,"column":64}},"4":{"start":{"line":8,"column":7},"end":{"line":23,"column":null}},"5":{"start":{"line":12,"column":4},"end":{"line":16,"column":7}},"6":{"start":{"line":21,"column":4},"end":{"line":21,"column":59}},"7":{"start":{"line":8,"column":13},"end":{"line":8,"column":24}},"8":{"start":{"line":8,"column":13},"end":{"line":23,"column":null}}},"fnMap":{"0":{"name":"(anonymous_4)","decl":{"start":{"line":9,"column":2},"end":{"line":9,"column":null}},"loc":{"start":{"line":10,"column":69},"end":{"line":17,"column":3}}},"1":{"name":"(anonymous_5)","decl":{"start":{"line":19,"column":2},"end":{"line":19,"column":10}},"loc":{"start":{"line":19,"column":23},"end":{"line":22,"column":3}}}},"branchMap":{},"s":{"0":1,"1":1,"2":1,"3":1,"4":1,"5":1,"6":0,"7":1,"8":1},"f":{"0":1,"1":0},"b":{}}
,"/home/zenrog/dev/roadmap-homework/src/auth/strategies/local.strategy.ts": {"path":"/home/zenrog/dev/roadmap-homework/src/auth/strategies/local.strategy.ts","statementMap":{"0":{"start":{"line":1,"column":0},"end":{"line":1,"column":44}},"1":{"start":{"line":2,"column":0},"end":{"line":2,"column":52}},"2":{"start":{"line":3,"column":0},"end":{"line":3,"column":42}},"3":{"start":{"line":4,"column":0},"end":{"line":4,"column":46}},"4":{"start":{"line":7,"column":7},"end":{"line":18,"column":null}},"5":{"start":{"line":9,"column":4},"end":{"line":9,"column":12}},"6":{"start":{"line":8,"column":31},"end":{"line":8,"column":44}},"7":{"start":{"line":13,"column":17},"end":{"line":13,"column":72}},"8":{"start":{"line":14,"column":4},"end":{"line":16,"column":5}},"9":{"start":{"line":15,"column":6},"end":{"line":15,"column":39}},"10":{"start":{"line":7,"column":13},"end":{"line":7,"column":26}},"11":{"start":{"line":7,"column":13},"end":{"line":18,"column":null}}},"fnMap":{"0":{"name":"(anonymous_2)","decl":{"start":{"line":8,"column":2},"end":{"line":8,"column":31}},"loc":{"start":{"line":8,"column":55},"end":{"line":10,"column":3}}},"1":{"name":"(anonymous_3)","decl":{"start":{"line":12,"column":2},"end":{"line":12,"column":7}},"loc":{"start":{"line":12,"column":51},"end":{"line":17,"column":3}}}},"branchMap":{"0":{"loc":{"start":{"line":14,"column":4},"end":{"line":16,"column":5}},"type":"if","locations":[{"start":{"line":14,"column":4},"end":{"line":16,"column":5}},{"start":{},"end":{}}]},"1":{"loc":{"start":{"line":8,"column":44},"end":{"line":8,"column":null}},"type":"cond-expr","locations":[{"start":{"line":8,"column":55},"end":{"line":8,"column":null}},{"start":{"line":8,"column":55},"end":{"line":8,"column":null}}]},"2":{"loc":{"start":{"line":8,"column":44},"end":{"line":8,"column":55}},"type":"binary-expr","locations":[{"start":{"line":8,"column":44},"end":{"line":8,"column":null}},{"start":{"line":8,"column":44},"end":{"line":8,"column":55}}]}},"s":{"0":1,"1":1,"2":1,"3":1,"4":1,"5":1,"6":1,"7":0,"8":0,"9":0,"10":1,"11":1},"f":{"0":1,"1":0},"b":{"0":[0,0],"1":[1,0],"2":[1,1]}}
,"/home/zenrog/dev/roadmap-homework/src/common/decorators/cookie.decorator.ts": {"path":"/home/zenrog/dev/roadmap-homework/src/common/decorators/cookie.decorator.ts","statementMap":{"0":{"start":{"line":1,"column":0},"end":{"line":1,"column":72}},"1":{"start":{"line":4,"column":13},"end":{"line":11,"column":2}},"2":{"start":{"line":6,"column":20},"end":{"line":6,"column":60}},"3":{"start":{"line":7,"column":20},"end":{"line":7,"column":35}},"4":{"start":{"line":9,"column":4},"end":{"line":9,"column":44}}},"fnMap":{"0":{"name":"(anonymous_0)","decl":{"start":{"line":5,"column":2},"end":{"line":5,"column":3}},"loc":{"start":{"line":5,"column":42},"end":{"line":10,"column":3}}}},"branchMap":{"0":{"loc":{"start":{"line":9,"column":11},"end":{"line":9,"column":43}},"type":"cond-expr","locations":[{"start":{"line":9,"column":18},"end":{"line":9,"column":33}},{"start":{"line":9,"column":36},"end":{"line":9,"column":43}}]}},"s":{"0":1,"1":1,"2":0,"3":0,"4":0},"f":{"0":0},"b":{"0":[0,0]}}
,"/home/zenrog/dev/roadmap-homework/src/common/decorators/index.ts": {"path":"/home/zenrog/dev/roadmap-homework/src/common/decorators/index.ts","statementMap":{"0":{"start":{"line":1,"column":0},"end":{"line":1,"column":9}},"1":{"start":{"line":1,"column":9},"end":{"line":1,"column":40}},"2":{"start":{"line":2,"column":0},"end":{"line":2,"column":9}},"3":{"start":{"line":2,"column":9},"end":{"line":2,"column":44}}},"fnMap":{"0":{"name":"(anonymous_0)","decl":{"start":{"line":1,"column":9},"end":{"line":1,"column":13}},"loc":{"start":{"line":1,"column":9},"end":{"line":1,"column":40}}},"1":{"name":"(anonymous_1)","decl":{"start":{"line":2,"column":9},"end":{"line":2,"column":15}},"loc":{"start":{"line":2,"column":9},"end":{"line":2,"column":44}}}},"branchMap":{},"s":{"0":1,"1":7,"2":1,"3":3},"f":{"0":6,"1":2},"b":{}}
,"/home/zenrog/dev/roadmap-homework/src/common/decorators/user.decorator.ts": {"path":"/home/zenrog/dev/roadmap-homework/src/common/decorators/user.decorator.ts","statementMap":{"0":{"start":{"line":1,"column":0},"end":{"line":1,"column":72}},"1":{"start":{"line":4,"column":13},"end":{"line":11,"column":2}},"2":{"start":{"line":6,"column":20},"end":{"line":6,"column":60}},"3":{"start":{"line":7,"column":17},"end":{"line":7,"column":29}},"4":{"start":{"line":9,"column":4},"end":{"line":9,"column":38}}},"fnMap":{"0":{"name":"(anonymous_0)","decl":{"start":{"line":5,"column":2},"end":{"line":5,"column":3}},"loc":{"start":{"line":5,"column":42},"end":{"line":10,"column":3}}}},"branchMap":{"0":{"loc":{"start":{"line":9,"column":11},"end":{"line":9,"column":37}},"type":"cond-expr","locations":[{"start":{"line":9,"column":18},"end":{"line":9,"column":30}},{"start":{"line":9,"column":33},"end":{"line":9,"column":37}}]}},"s":{"0":1,"1":1,"2":0,"3":0,"4":0},"f":{"0":0},"b":{"0":[0,0]}}
,"/home/zenrog/dev/roadmap-homework/src/common/dtos/cursor-pagination.dto.ts": {"path":"/home/zenrog/dev/roadmap-homework/src/common/dtos/cursor-pagination.dto.ts","statementMap":{"0":{"start":{"line":1,"column":0},"end":{"line":1,"column":46}},"1":{"start":{"line":2,"column":0},"end":{"line":2,"column":null}},"2":{"start":{"line":20,"column":10},"end":{"line":20,"column":12}},"3":{"start":{"line":10,"column":0},"end":{"line":10,"column":13}},"4":{"start":{"line":14,"column":2},"end":{"line":14,"column":null}},"5":{"start":{"line":20,"column":2},"end":{"line":20,"column":null}},"6":{"start":{"line":17,"column":28},"end":{"line":17,"column":41}},"7":{"start":{"line":24,"column":2},"end":{"line":24,"column":null}},"8":{"start":{"line":23,"column":28},"end":{"line":23,"column":44}}},"fnMap":{"0":{"name":"(anonymous_2)","decl":{"start":{"line":17,"column":13},"end":{"line":17,"column":14}},"loc":{"start":{"line":17,"column":28},"end":{"line":17,"column":41}}},"1":{"name":"(anonymous_3)","decl":{"start":{"line":23,"column":13},"end":{"line":23,"column":14}},"loc":{"start":{"line":23,"column":28},"end":{"line":23,"column":44}}}},"branchMap":{},"s":{"0":1,"1":1,"2":0,"3":1,"4":1,"5":1,"6":0,"7":1,"8":0},"f":{"0":0,"1":0},"b":{}}
,"/home/zenrog/dev/roadmap-homework/src/common/dtos/index.ts": {"path":"/home/zenrog/dev/roadmap-homework/src/common/dtos/index.ts","statementMap":{"0":{"start":{"line":1,"column":0},"end":{"line":1,"column":9}},"1":{"start":{"line":1,"column":9},"end":{"line":1,"column":62}}},"fnMap":{"0":{"name":"(anonymous_0)","decl":{"start":{"line":1,"column":9},"end":{"line":1,"column":28}},"loc":{"start":{"line":1,"column":9},"end":{"line":1,"column":62}}}},"branchMap":{},"s":{"0":1,"1":2},"f":{"0":1},"b":{}}
,"/home/zenrog/dev/roadmap-homework/src/common/utils/hash.ts": {"path":"/home/zenrog/dev/roadmap-homework/src/common/utils/hash.ts","statementMap":{"0":{"start":{"line":12,"column":9},"end":{"line":12,"column":19}},"1":{"start":{"line":12,"column":21},"end":{"line":12,"column":36}},"2":{"start":{"line":1,"column":0},"end":{"line":1,"column":33}},"3":{"start":{"line":4,"column":23},"end":{"line":4,"column":25}},"4":{"start":{"line":5,"column":2},"end":{"line":5,"column":44}},"5":{"start":{"line":9,"column":2},"end":{"line":9,"column":39}}},"fnMap":{"0":{"name":"createHash","decl":{"start":{"line":3,"column":15},"end":{"line":3,"column":25}},"loc":{"start":{"line":3,"column":35},"end":{"line":6,"column":1}}},"1":{"name":"compareWithHash","decl":{"start":{"line":8,"column":15},"end":{"line":8,"column":30}},"loc":{"start":{"line":8,"column":54},"end":{"line":10,"column":1}}}},"branchMap":{},"s":{"0":1,"1":1,"2":1,"3":8,"4":8,"5":0},"f":{"0":8,"1":0},"b":{}}
,"/home/zenrog/dev/roadmap-homework/src/database/postgres-error-code.ts": {"path":"/home/zenrog/dev/roadmap-homework/src/database/postgres-error-code.ts","statementMap":{"0":{"start":{"line":1,"column":0},"end":{"line":1,"column":null}},"1":{"start":{"line":2,"column":2},"end":{"line":2,"column":null}},"2":{"start":{"line":3,"column":2},"end":{"line":3,"column":null}},"3":{"start":{"line":4,"column":2},"end":{"line":4,"column":null}},"4":{"start":{"line":5,"column":2},"end":{"line":5,"column":null}}},"fnMap":{"0":{"name":"(anonymous_0)","decl":{"start":{"line":1,"column":0},"end":{"line":1,"column":12}},"loc":{"start":{"line":1,"column":29},"end":{"line":6,"column":1}}}},"branchMap":{"0":{"loc":{"start":{"line":1,"column":12},"end":{"line":1,"column":null}},"type":"binary-expr","locations":[{"start":{"line":1,"column":12},"end":{"line":1,"column":29}},{"start":{"line":1,"column":29},"end":{"line":1,"column":null}}]}},"s":{"0":1,"1":1,"2":1,"3":1,"4":1},"f":{"0":1},"b":{"0":[1,1]}}
,"/home/zenrog/dev/roadmap-homework/src/database/typeorm-config-service.ts": {"path":"/home/zenrog/dev/roadmap-homework/src/database/typeorm-config-service.ts","statementMap":{"0":{"start":{"line":1,"column":0},"end":{"line":1,"column":44}},"1":{"start":{"line":2,"column":0},"end":{"line":2,"column":47}},"2":{"start":{"line":7,"column":7},"end":{"line":25,"column":null}},"3":{"start":{"line":9,"column":21},"end":{"line":9,"column":36}},"4":{"start":{"line":13,"column":4},"end":{"line":23,"column":6}},"5":{"start":{"line":7,"column":13},"end":{"line":7,"column":33}},"6":{"start":{"line":7,"column":13},"end":{"line":25,"column":null}}},"fnMap":{"0":{"name":"(anonymous_2)","decl":{"start":{"line":8,"column":2},"end":{"line":8,"column":null}},"loc":{"start":{"line":9,"column":77},"end":{"line":10,"column":6}}},"1":{"name":"(anonymous_3)","decl":{"start":{"line":12,"column":2},"end":{"line":12,"column":22}},"loc":{"start":{"line":12,"column":22},"end":{"line":24,"column":3}}}},"branchMap":{"0":{"loc":{"start":{"line":9,"column":36},"end":{"line":9,"column":77}},"type":"cond-expr","locations":[{"start":{"line":9,"column":49},"end":{"line":9,"column":77}},{"start":{"line":9,"column":49},"end":{"line":9,"column":77}}]},"1":{"loc":{"start":{"line":9,"column":36},"end":{"line":9,"column":49}},"type":"binary-expr","locations":[{"start":{"line":9,"column":36},"end":{"line":9,"column":77}},{"start":{"line":9,"column":36},"end":{"line":9,"column":49}}]}},"s":{"0":1,"1":1,"2":1,"3":0,"4":0,"5":1,"6":1},"f":{"0":0,"1":0},"b":{"0":[1,0],"1":[1,1]}}
,"/home/zenrog/dev/roadmap-homework/src/env/env-validation.ts": {"path":"/home/zenrog/dev/roadmap-homework/src/env/env-validation.ts","statementMap":{"0":{"start":{"line":5,"column":0},"end":{"line":5,"column":16}},"1":{"start":{"line":1,"column":0},"end":{"line":1,"column":52}},"2":{"start":{"line":2,"column":0},"end":{"line":2,"column":63}},"3":{"start":{"line":3,"column":0},"end":{"line":3,"column":47}},"4":{"start":{"line":6,"column":26},"end":{"line":8,"column":4}},"5":{"start":{"line":9,"column":17},"end":{"line":11,"column":4}},"6":{"start":{"line":12,"column":2},"end":{"line":14,"column":3}},"7":{"start":{"line":13,"column":4},"end":{"line":13,"column":39}},"8":{"start":{"line":15,"column":2},"end":{"line":15,"column":25}}},"fnMap":{"0":{"name":"validate","decl":{"start":{"line":5,"column":16},"end":{"line":5,"column":24}},"loc":{"start":{"line":5,"column":56},"end":{"line":16,"column":1}}}},"branchMap":{"0":{"loc":{"start":{"line":12,"column":2},"end":{"line":14,"column":3}},"type":"if","locations":[{"start":{"line":12,"column":2},"end":{"line":14,"column":3}},{"start":{},"end":{}}]}},"s":{"0":1,"1":1,"2":1,"3":1,"4":1,"5":1,"6":1,"7":0,"8":1},"f":{"0":1},"b":{"0":[0,1]}}
,"/home/zenrog/dev/roadmap-homework/src/env/environment-variables.ts": {"path":"/home/zenrog/dev/roadmap-homework/src/env/environment-variables.ts","statementMap":{"0":{"start":{"line":1,"column":0},"end":{"line":1,"column":null}},"1":{"start":{"line":39,"column":41},"end":{"line":39,"column":46}},"2":{"start":{"line":40,"column":42},"end":{"line":40,"column":47}},"3":{"start":{"line":41,"column":22},"end":{"line":41,"column":23}},"4":{"start":{"line":11,"column":0},"end":{"line":11,"column":13}},"5":{"start":{"line":16,"column":2},"end":{"line":16,"column":null}},"6":{"start":{"line":20,"column":2},"end":{"line":20,"column":null}},"7":{"start":{"line":25,"column":2},"end":{"line":25,"column":null}},"8":{"start":{"line":28,"column":2},"end":{"line":28,"column":null}},"9":{"start":{"line":31,"column":2},"end":{"line":31,"column":null}},"10":{"start":{"line":34,"column":2},"end":{"line":34,"column":null}},"11":{"start":{"line":37,"column":2},"end":{"line":37,"column":null}}},"fnMap":{},"branchMap":{},"s":{"0":1,"1":1,"2":1,"3":1,"4":1,"5":1,"6":1,"7":1,"8":1,"9":1,"10":1,"11":1},"f":{},"b":{}}
,"/home/zenrog/dev/roadmap-homework/src/env/index.ts": {"path":"/home/zenrog/dev/roadmap-homework/src/env/index.ts","statementMap":{"0":{"start":{"line":1,"column":0},"end":{"line":1,"column":9}},"1":{"start":{"line":1,"column":9},"end":{"line":1,"column":44}},"2":{"start":{"line":2,"column":0},"end":{"line":2,"column":9}},"3":{"start":{"line":2,"column":9},"end":{"line":2,"column":63}}},"fnMap":{"0":{"name":"(anonymous_0)","decl":{"start":{"line":1,"column":9},"end":{"line":1,"column":17}},"loc":{"start":{"line":1,"column":9},"end":{"line":1,"column":44}}},"1":{"name":"(anonymous_1)","decl":{"start":{"line":2,"column":9},"end":{"line":2,"column":29}},"loc":{"start":{"line":2,"column":9},"end":{"line":2,"column":63}}}},"branchMap":{},"s":{"0":1,"1":2,"2":1,"3":1},"f":{"0":1,"1":0},"b":{}}
,"/home/zenrog/dev/roadmap-homework/src/users/index.ts": {"path":"/home/zenrog/dev/roadmap-homework/src/users/index.ts","statementMap":{"0":{"start":{"line":1,"column":0},"end":{"line":1,"column":9}},"1":{"start":{"line":1,"column":9},"end":{"line":1,"column":45}}},"fnMap":{"0":{"name":"(anonymous_0)","decl":{"start":{"line":1,"column":9},"end":{"line":1,"column":20}},"loc":{"start":{"line":1,"column":9},"end":{"line":1,"column":45}}}},"branchMap":{},"s":{"0":1,"1":2},"f":{"0":1},"b":{}}
,"/home/zenrog/dev/roadmap-homework/src/users/users.controller.ts": {"path":"/home/zenrog/dev/roadmap-homework/src/users/users.controller.ts","statementMap":{"0":{"start":{"line":1,"column":0},"end":{"line":1,"column":null}},"1":{"start":{"line":11,"column":0},"end":{"line":11,"column":47}},"2":{"start":{"line":12,"column":0},"end":{"line":12,"column":45}},"3":{"start":{"line":13,"column":0},"end":{"line":13,"column":72}},"4":{"start":{"line":16,"column":7},"end":{"line":56,"column":null}},"5":{"start":{"line":17,"column":31},"end":{"line":17,"column":45}},"6":{"start":{"line":21,"column":17},"end":{"line":23,"column":6}},"7":{"start":{"line":24,"column":4},"end":{"line":26,"column":5}},"8":{"start":{"line":25,"column":6},"end":{"line":25,"column":60}},"9":{"start":{"line":28,"column":42},"end":{"line":28,"column":46}},"10":{"start":{"line":29,"column":4},"end":{"line":29,"column":20}},"11":{"start":{"line":36,"column":33},"end":{"line":36,"column":71}},"12":{"start":{"line":37,"column":4},"end":{"line":41,"column":6}},"13":{"start":{"line":39,"column":52},"end":{"line":39,"column":60}},"14":{"start":{"line":49,"column":4},"end":{"line":49,"column":56}},"15":{"start":{"line":54,"column":4},"end":{"line":54,"column":47}},"16":{"start":{"line":16,"column":13},"end":{"line":16,"column":28}},"17":{"start":{"line":20,"column":8},"end":{"line":30,"column":null}},"18":{"start":{"line":33,"column":8},"end":{"line":42,"column":null}},"19":{"start":{"line":45,"column":8},"end":{"line":50,"column":null}},"20":{"start":{"line":53,"column":8},"end":{"line":55,"column":null}},"21":{"start":{"line":16,"column":13},"end":{"line":56,"column":null}}},"fnMap":{"0":{"name":"(anonymous_4)","decl":{"start":{"line":17,"column":2},"end":{"line":17,"column":31}},"loc":{"start":{"line":17,"column":57},"end":{"line":17,"column":61}}},"1":{"name":"(anonymous_5)","decl":{"start":{"line":20,"column":8},"end":{"line":20,"column":17}},"loc":{"start":{"line":20,"column":44},"end":{"line":30,"column":3}}},"2":{"name":"(anonymous_6)","decl":{"start":{"line":33,"column":8},"end":{"line":33,"column":16}},"loc":{"start":{"line":34,"column":75},"end":{"line":42,"column":3}}},"3":{"name":"(anonymous_7)","decl":{"start":{"line":39,"column":21},"end":{"line":39,"column":22}},"loc":{"start":{"line":39,"column":52},"end":{"line":39,"column":60}}},"4":{"name":"(anonymous_8)","decl":{"start":{"line":45,"column":8},"end":{"line":45,"column":20}},"loc":{"start":{"line":47,"column":42},"end":{"line":50,"column":3}}},"5":{"name":"(anonymous_9)","decl":{"start":{"line":53,"column":8},"end":{"line":53,"column":20}},"loc":{"start":{"line":53,"column":47},"end":{"line":55,"column":3}}}},"branchMap":{"0":{"loc":{"start":{"line":24,"column":4},"end":{"line":26,"column":5}},"type":"if","locations":[{"start":{"line":24,"column":4},"end":{"line":26,"column":5}},{"start":{},"end":{}}]},"1":{"loc":{"start":{"line":34,"column":59},"end":{"line":34,"column":null}},"type":"cond-expr","locations":[{"start":{"line":34,"column":75},"end":{"line":34,"column":null}},{"start":{"line":34,"column":75},"end":{"line":34,"column":null}}]},"2":{"loc":{"start":{"line":34,"column":59},"end":{"line":34,"column":75}},"type":"binary-expr","locations":[{"start":{"line":34,"column":59},"end":{"line":34,"column":null}},{"start":{"line":34,"column":59},"end":{"line":34,"column":75}}]},"3":{"loc":{"start":{"line":35,"column":5},"end":{"line":35,"column":null}},"type":"cond-expr","locations":[{"start":{"line":35,"column":12},"end":{"line":35,"column":null}},{"start":{"line":35,"column":12},"end":{"line":35,"column":null}}]},"4":{"loc":{"start":{"line":35,"column":5},"end":{"line":35,"column":12}},"type":"binary-expr","locations":[{"start":{"line":35,"column":5},"end":{"line":35,"column":null}},{"start":{"line":35,"column":5},"end":{"line":35,"column":12}}]},"5":{"loc":{"start":{"line":47,"column":35},"end":{"line":47,"column":null}},"type":"cond-expr","locations":[{"start":{"line":47,"column":42},"end":{"line":47,"column":null}},{"start":{"line":47,"column":42},"end":{"line":47,"column":null}}]},"6":{"loc":{"start":{"line":47,"column":35},"end":{"line":47,"column":42}},"type":"binary-expr","locations":[{"start":{"line":47,"column":35},"end":{"line":47,"column":null}},{"start":{"line":47,"column":35},"end":{"line":47,"column":42}}]},"7":{"loc":{"start":{"line":17,"column":45},"end":{"line":17,"column":60}},"type":"cond-expr","locations":[{"start":{"line":17,"column":57},"end":{"line":17,"column":60}},{"start":{"line":17,"column":57},"end":{"line":17,"column":60}}]},"8":{"loc":{"start":{"line":17,"column":45},"end":{"line":17,"column":57}},"type":"binary-expr","locations":[{"start":{"line":17,"column":45},"end":{"line":17,"column":60}},{"start":{"line":17,"column":45},"end":{"line":17,"column":57}}]}},"s":{"0":1,"1":1,"2":1,"3":1,"4":1,"5":1,"6":0,"7":0,"8":0,"9":0,"10":0,"11":0,"12":0,"13":0,"14":0,"15":0,"16":1,"17":1,"18":1,"19":1,"20":1,"21":1},"f":{"0":1,"1":0,"2":0,"3":0,"4":0,"5":0},"b":{"0":[0,0],"1":[1,0],"2":[1,1],"3":[1,0],"4":[1,1],"5":[1,0],"6":[1,1],"7":[1,0],"8":[1,1]}}
,"/home/zenrog/dev/roadmap-homework/src/users/users.module.ts": {"path":"/home/zenrog/dev/roadmap-homework/src/users/users.module.ts","statementMap":{"0":{"start":{"line":1,"column":0},"end":{"line":1,"column":40}},"1":{"start":{"line":2,"column":0},"end":{"line":2,"column":47}},"2":{"start":{"line":3,"column":0},"end":{"line":3,"column":48}},"3":{"start":{"line":4,"column":0},"end":{"line":4,"column":34}},"4":{"start":{"line":5,"column":0},"end":{"line":5,"column":53}},"5":{"start":{"line":13,"column":7},"end":{"line":13,"column":null}},"6":{"start":{"line":13,"column":13},"end":{"line":13,"column":24}},"7":{"start":{"line":13,"column":13},"end":{"line":13,"column":null}}},"fnMap":{},"branchMap":{},"s":{"0":1,"1":1,"2":1,"3":1,"4":1,"5":1,"6":1,"7":1},"f":{},"b":{}}
,"/home/zenrog/dev/roadmap-homework/src/users/users.service.ts": {"path":"/home/zenrog/dev/roadmap-homework/src/users/users.service.ts","statementMap":{"0":{"start":{"line":1,"column":0},"end":{"line":1,"column":65}},"1":{"start":{"line":3,"column":0},"end":{"line":3,"column":51}},"2":{"start":{"line":4,"column":0},"end":{"line":4,"column":34}},"3":{"start":{"line":5,"column":0},"end":{"line":5,"column":55}},"4":{"start":{"line":6,"column":0},"end":{"line":6,"column":69}},"5":{"start":{"line":7,"column":0},"end":{"line":7,"column":51}},"6":{"start":{"line":8,"column":0},"end":{"line":8,"column":40}},"7":{"start":{"line":11,"column":7},"end":{"line":131,"column":null}},"8":{"start":{"line":14,"column":21},"end":{"line":14,"column":38}},"9":{"start":{"line":18,"column":4},"end":{"line":38,"column":5}},"10":{"start":{"line":19,"column":27},"end":{"line":19,"column":34}},"11":{"start":{"line":20,"column":29},"end":{"line":20,"column":55}},"12":{"start":{"line":22,"column":19},"end":{"line":25,"column":8}},"13":{"start":{"line":26,"column":21},"end":{"line":26,"column":58}},"14":{"start":{"line":27,"column":6},"end":{"line":27,"column":16}},"15":{"start":{"line":29,"column":6},"end":{"line":29,"column":25}},"16":{"start":{"line":31,"column":6},"end":{"line":33,"column":7}},"17":{"start":{"line":32,"column":8},"end":{"line":32,"column":75}},"18":{"start":{"line":35,"column":6},"end":{"line":37,"column":9}},"19":{"start":{"line":42,"column":4},"end":{"line":42,"column":54}},"20":{"start":{"line":46,"column":25},"end":{"line":46,"column":66}},"21":{"start":{"line":47,"column":4},"end":{"line":49,"column":5}},"22":{"start":{"line":48,"column":6},"end":{"line":48,"column":63}},"23":{"start":{"line":50,"column":4},"end":{"line":53,"column":5}},"24":{"start":{"line":51,"column":23},"end":{"line":51,"column":45}},"25":{"start":{"line":52,"column":6},"end":{"line":52,"column":66}},"26":{"start":{"line":55,"column":18},"end":{"line":58,"column":16}},"27":{"start":{"line":60,"column":20},"end":{"line":60,"column":40}},"28":{"start":{"line":61,"column":4},"end":{"line":63,"column":5}},"29":{"start":{"line":62,"column":6},"end":{"line":62,"column":18}},"30":{"start":{"line":65,"column":17},"end":{"line":65,"column":53}},"31":{"start":{"line":69,"column":4},"end":{"line":75,"column":5}},"32":{"start":{"line":70,"column":6},"end":{"line":70,"column":53}},"33":{"start":{"line":71,"column":6},"end":{"line":71,"column":35}},"34":{"start":{"line":73,"column":6},"end":{"line":73,"column":57}},"35":{"start":{"line":74,"column":6},"end":{"line":74,"column":44}},"36":{"start":{"line":77,"column":4},"end":{"line":81,"column":6}},"37":{"start":{"line":85,"column":4},"end":{"line":89,"column":16}},"38":{"start":{"line":93,"column":4},"end":{"line":112,"column":5}},"39":{"start":{"line":94,"column":27},"end":{"line":94,"column":34}},"40":{"start":{"line":95,"column":29},"end":{"line":95,"column":55}},"41":{"start":{"line":96,"column":6},"end":{"line":100,"column":9}},"42":{"start":{"line":103,"column":6},"end":{"line":107,"column":7}},"43":{"start":{"line":104,"column":8},"end":{"line":106,"column":10}},"44":{"start":{"line":109,"column":6},"end":{"line":111,"column":9}},"45":{"start":{"line":116,"column":4},"end":{"line":116,"column":50}},"46":{"start":{"line":122,"column":23},"end":{"line":122,"column":50}},"47":{"start":{"line":123,"column":4},"end":{"line":129,"column":17}},"48":{"start":{"line":11,"column":13},"end":{"line":11,"column":25}},"49":{"start":{"line":121,"column":16},"end":{"line":130,"column":null}},"50":{"start":{"line":11,"column":13},"end":{"line":131,"column":null}}},"fnMap":{"0":{"name":"(anonymous_4)","decl":{"start":{"line":12,"column":2},"end":{"line":12,"column":null}},"loc":{"start":{"line":14,"column":54},"end":{"line":15,"column":6}}},"1":{"name":"(anonymous_5)","decl":{"start":{"line":17,"column":2},"end":{"line":17,"column":7}},"loc":{"start":{"line":17,"column":33},"end":{"line":39,"column":3}}},"2":{"name":"(anonymous_6)","decl":{"start":{"line":41,"column":2},"end":{"line":41,"column":7}},"loc":{"start":{"line":41,"column":46},"end":{"line":43,"column":3}}},"3":{"name":"(anonymous_7)","decl":{"start":{"line":45,"column":2},"end":{"line":45,"column":7}},"loc":{"start":{"line":45,"column":73},"end":{"line":82,"column":3}}},"4":{"name":"(anonymous_8)","decl":{"start":{"line":84,"column":2},"end":{"line":84,"column":7}},"loc":{"start":{"line":84,"column":40},"end":{"line":90,"column":3}}},"5":{"name":"(anonymous_9)","decl":{"start":{"line":92,"column":2},"end":{"line":92,"column":7}},"loc":{"start":{"line":92,"column":51},"end":{"line":113,"column":3}}},"6":{"name":"(anonymous_10)","decl":{"start":{"line":115,"column":2},"end":{"line":115,"column":7}},"loc":{"start":{"line":115,"column":33},"end":{"line":117,"column":3}}},"7":{"name":"(anonymous_11)","decl":{"start":{"line":121,"column":16},"end":{"line":121,"column":38}},"loc":{"start":{"line":121,"column":38},"end":{"line":130,"column":3}}}},"branchMap":{"0":{"loc":{"start":{"line":31,"column":6},"end":{"line":33,"column":7}},"type":"if","locations":[{"start":{"line":31,"column":6},"end":{"line":33,"column":7}},{"start":{},"end":{}}]},"1":{"loc":{"start":{"line":47,"column":4},"end":{"line":49,"column":5}},"type":"if","locations":[{"start":{"line":47,"column":4},"end":{"line":49,"column":5}},{"start":{},"end":{}}]},"2":{"loc":{"start":{"line":50,"column":4},"end":{"line":53,"column":5}},"type":"if","locations":[{"start":{"line":50,"column":4},"end":{"line":53,"column":5}},{"start":{},"end":{}}]},"3":{"loc":{"start":{"line":51,"column":23},"end":{"line":51,"column":45}},"type":"cond-expr","locations":[{"start":{"line":51,"column":36},"end":{"line":51,"column":39}},{"start":{"line":51,"column":42},"end":{"line":51,"column":45}}]},"4":{"loc":{"start":{"line":56,"column":21},"end":{"line":56,"column":48}},"type":"cond-expr","locations":[{"start":{"line":56,"column":34},"end":{"line":56,"column":39}},{"start":{"line":56,"column":42},"end":{"line":56,"column":48}}]},"5":{"loc":{"start":{"line":61,"column":4},"end":{"line":63,"column":5}},"type":"if","locations":[{"start":{"line":61,"column":4},"end":{"line":63,"column":5}},{"start":{},"end":{}}]},"6":{"loc":{"start":{"line":65,"column":17},"end":{"line":65,"column":53}},"type":"cond-expr","locations":[{"start":{"line":65,"column":30},"end":{"line":65,"column":45}},{"start":{"line":65,"column":48},"end":{"line":65,"column":53}}]},"7":{"loc":{"start":{"line":69,"column":4},"end":{"line":75,"column":5}},"type":"if","locations":[{"start":{"line":69,"column":4},"end":{"line":75,"column":5}},{"start":{"line":72,"column":11},"end":{"line":75,"column":5}}]},"8":{"loc":{"start":{"line":70,"column":19},"end":{"line":70,"column":52}},"type":"cond-expr","locations":[{"start":{"line":70,"column":29},"end":{"line":70,"column":40}},{"start":{"line":70,"column":43},"end":{"line":70,"column":52}}]},"9":{"loc":{"start":{"line":73,"column":19},"end":{"line":73,"column":56}},"type":"cond-expr","locations":[{"start":{"line":73,"column":29},"end":{"line":73,"column":44}},{"start":{"line":73,"column":47},"end":{"line":73,"column":56}}]},"10":{"loc":{"start":{"line":74,"column":19},"end":{"line":74,"column":43}},"type":"binary-expr","locations":[{"start":{"line":74,"column":19},"end":{"line":74,"column":25}},{"start":{"line":74,"column":29},"end":{"line":74,"column":43}}]},"11":{"loc":{"start":{"line":103,"column":6},"end":{"line":107,"column":7}},"type":"if","locations":[{"start":{"line":103,"column":6},"end":{"line":107,"column":7}},{"start":{},"end":{}}]},"12":{"loc":{"start":{"line":14,"column":38},"end":{"line":14,"column":54}},"type":"cond-expr","locations":[{"start":{"line":14,"column":48},"end":{"line":14,"column":54}},{"start":{"line":14,"column":48},"end":{"line":14,"column":54}}]},"13":{"loc":{"start":{"line":14,"column":38},"end":{"line":14,"column":48}},"type":"binary-expr","locations":[{"start":{"line":14,"column":38},"end":{"line":14,"column":54}},{"start":{"line":14,"column":38},"end":{"line":14,"column":48}}]}},"s":{"0":1,"1":1,"2":1,"3":1,"4":1,"5":1,"6":1,"7":1,"8":1,"9":8,"10":8,"11":8,"12":8,"13":8,"14":0,"15":8,"16":8,"17":0,"18":8,"19":0,"20":0,"21":0,"22":0,"23":0,"24":0,"25":0,"26":0,"27":0,"28":0,"29":0,"30":0,"31":0,"32":0,"33":0,"34":0,"35":0,"36":0,"37":0,"38":0,"39":0,"40":0,"41":0,"42":0,"43":0,"44":0,"45":0,"46":0,"47":0,"48":1,"49":1,"50":1},"f":{"0":1,"1":8,"2":0,"3":0,"4":0,"5":0,"6":0,"7":0},"b":{"0":[0,8],"1":[0,0],"2":[0,0],"3":[0,0],"4":[0,0],"5":[0,0],"6":[0,0],"7":[0,0],"8":[0,0],"9":[0,0],"10":[0,0],"11":[0,0],"12":[1,0],"13":[1,1]}}
,"/home/zenrog/dev/roadmap-homework/src/users/dtos/get-users-query.dto.ts": {"path":"/home/zenrog/dev/roadmap-homework/src/users/dtos/get-users-query.dto.ts","statementMap":{"0":{"start":{"line":1,"column":0},"end":{"line":1,"column":79}},"1":{"start":{"line":2,"column":0},"end":{"line":2,"column":54}},"2":{"start":{"line":3,"column":0},"end":{"line":3,"column":37}},"3":{"start":{"line":5,"column":0},"end":{"line":5,"column":13}}},"fnMap":{},"branchMap":{},"s":{"0":1,"1":1,"2":1,"3":1},"f":{},"b":{}}
,"/home/zenrog/dev/roadmap-homework/src/users/dtos/index.ts": {"path":"/home/zenrog/dev/roadmap-homework/src/users/dtos/index.ts","statementMap":{"0":{"start":{"line":1,"column":0},"end":{"line":1,"column":9}},"1":{"start":{"line":1,"column":9},"end":{"line":1,"column":37}},"2":{"start":{"line":2,"column":0},"end":{"line":2,"column":9}},"3":{"start":{"line":2,"column":9},"end":{"line":2,"column":57}}},"fnMap":{"0":{"name":"(anonymous_0)","decl":{"start":{"line":1,"column":9},"end":{"line":1,"column":16}},"loc":{"start":{"line":1,"column":9},"end":{"line":1,"column":37}}},"1":{"name":"(anonymous_1)","decl":{"start":{"line":2,"column":9},"end":{"line":2,"column":25}},"loc":{"start":{"line":2,"column":9},"end":{"line":2,"column":57}}}},"branchMap":{},"s":{"0":1,"1":7,"2":1,"3":3},"f":{"0":6,"1":2},"b":{}}
,"/home/zenrog/dev/roadmap-homework/src/users/dtos/user.dto.ts": {"path":"/home/zenrog/dev/roadmap-homework/src/users/dtos/user.dto.ts","statementMap":{"0":{"start":{"line":1,"column":0},"end":{"line":1,"column":null}},"1":{"start":{"line":9,"column":0},"end":{"line":9,"column":13}},"2":{"start":{"line":12,"column":2},"end":{"line":12,"column":null}},"3":{"start":{"line":15,"column":2},"end":{"line":15,"column":null}},"4":{"start":{"line":19,"column":2},"end":{"line":19,"column":null}},"5":{"start":{"line":22,"column":2},"end":{"line":22,"column":null}},"6":{"start":{"line":25,"column":2},"end":{"line":25,"column":null}}},"fnMap":{},"branchMap":{"0":{"loc":{"start":{"line":22,"column":13},"end":{"line":22,"column":18}},"type":"cond-expr","locations":[{"start":{"line":22,"column":17},"end":{"line":22,"column":18}},{"start":{"line":22,"column":17},"end":{"line":22,"column":18}}]},"1":{"loc":{"start":{"line":22,"column":13},"end":{"line":22,"column":17}},"type":"binary-expr","locations":[{"start":{"line":22,"column":13},"end":{"line":22,"column":18}},{"start":{"line":22,"column":13},"end":{"line":22,"column":17}}]}},"s":{"0":1,"1":1,"2":1,"3":1,"4":1,"5":1,"6":1},"f":{},"b":{"0":[1,0],"1":[1,1]}}
,"/home/zenrog/dev/roadmap-homework/src/users/entities/index.ts": {"path":"/home/zenrog/dev/roadmap-homework/src/users/entities/index.ts","statementMap":{"0":{"start":{"line":1,"column":0},"end":{"line":1,"column":9}},"1":{"start":{"line":1,"column":9},"end":{"line":1,"column":37}}},"fnMap":{"0":{"name":"(anonymous_0)","decl":{"start":{"line":1,"column":9},"end":{"line":1,"column":13}},"loc":{"start":{"line":1,"column":9},"end":{"line":1,"column":37}}}},"branchMap":{},"s":{"0":1,"1":6},"f":{"0":5},"b":{}}
,"/home/zenrog/dev/roadmap-homework/src/users/entities/user.entity.ts": {"path":"/home/zenrog/dev/roadmap-homework/src/users/entities/user.entity.ts","statementMap":{"0":{"start":{"line":1,"column":0},"end":{"line":1,"column":null}},"1":{"start":{"line":9,"column":0},"end":{"line":9,"column":36}},"2":{"start":{"line":12,"column":7},"end":{"line":43,"column":null}},"3":{"start":{"line":18,"column":4},"end":{"line":20,"column":5}},"4":{"start":{"line":19,"column":6},"end":{"line":19,"column":25}},"5":{"start":{"line":12,"column":13},"end":{"line":12,"column":17}},"6":{"start":{"line":14,"column":2},"end":{"line":14,"column":null}},"7":{"start":{"line":17,"column":2},"end":{"line":21,"column":null}},"8":{"start":{"line":24,"column":2},"end":{"line":24,"column":null}},"9":{"start":{"line":27,"column":2},"end":{"line":27,"column":null}},"10":{"start":{"line":30,"column":2},"end":{"line":30,"column":null}},"11":{"start":{"line":33,"column":2},"end":{"line":33,"column":null}},"12":{"start":{"line":36,"column":2},"end":{"line":36,"column":null}},"13":{"start":{"line":39,"column":2},"end":{"line":39,"column":null}},"14":{"start":{"line":42,"column":2},"end":{"line":42,"column":null}},"15":{"start":{"line":12,"column":13},"end":{"line":43,"column":null}}},"fnMap":{"0":{"name":"(anonymous_2)","decl":{"start":{"line":17,"column":2},"end":{"line":17,"column":12}},"loc":{"start":{"line":17,"column":12},"end":{"line":21,"column":3}}}},"branchMap":{"0":{"loc":{"start":{"line":18,"column":4},"end":{"line":20,"column":5}},"type":"if","locations":[{"start":{"line":18,"column":4},"end":{"line":20,"column":5}},{"start":{},"end":{}}]},"1":{"loc":{"start":{"line":30,"column":13},"end":{"line":30,"column":18}},"type":"cond-expr","locations":[{"start":{"line":30,"column":17},"end":{"line":30,"column":18}},{"start":{"line":30,"column":17},"end":{"line":30,"column":18}}]},"2":{"loc":{"start":{"line":30,"column":13},"end":{"line":30,"column":17}},"type":"binary-expr","locations":[{"start":{"line":30,"column":13},"end":{"line":30,"column":18}},{"start":{"line":30,"column":13},"end":{"line":30,"column":17}}]},"3":{"loc":{"start":{"line":39,"column":13},"end":{"line":39,"column":18}},"type":"cond-expr","locations":[{"start":{"line":39,"column":17},"end":{"line":39,"column":18}},{"start":{"line":39,"column":17},"end":{"line":39,"column":18}}]},"4":{"loc":{"start":{"line":39,"column":13},"end":{"line":39,"column":17}},"type":"binary-expr","locations":[{"start":{"line":39,"column":13},"end":{"line":39,"column":18}},{"start":{"line":39,"column":13},"end":{"line":39,"column":17}}]},"5":{"loc":{"start":{"line":42,"column":13},"end":{"line":42,"column":18}},"type":"cond-expr","locations":[{"start":{"line":42,"column":17},"end":{"line":42,"column":18}},{"start":{"line":42,"column":17},"end":{"line":42,"column":18}}]},"6":{"loc":{"start":{"line":42,"column":13},"end":{"line":42,"column":17}},"type":"binary-expr","locations":[{"start":{"line":42,"column":13},"end":{"line":42,"column":18}},{"start":{"line":42,"column":13},"end":{"line":42,"column":17}}]}},"s":{"0":1,"1":1,"2":1,"3":8,"4":8,"5":1,"6":1,"7":1,"8":1,"9":1,"10":1,"11":1,"12":1,"13":1,"14":1,"15":1},"f":{"0":8},"b":{"0":[8,0],"1":[1,0],"2":[1,1],"3":[1,0],"4":[1,1],"5":[1,0],"6":[1,1]}}
}
